
> guardian-2-99eba3@1.0.0 start
> node server.js

[CONFIG] DATABASE_URL: configured
[STARTUP] Initializing Guardian 2 server...
[DB] Testing connection...
[DB] ⚠️  Cannot reach database, continuing with limited functionality: connect ECONNREFUSED 127.0.0.1:5432
[DB] The app will serve static pages but database features will be unavailable
[STARTUP] Skipping database initialization due to connection failure
[STARTUP] App will boot in degraded mode with static content only
node:events:497
      throw er; // Unhandled 'error' event
      ^

Error: listen EADDRINUSE: address already in use :::3000
    at Server.setupListenHandle [as _listen2] (node:net:1940:16)
    at listenInCluster (node:net:1997:12)
    at Server.listen (node:net:2102:7)
    at Function.listen (/home/node/workspace/node_modules/express/lib/application.js:635:24)
    at start (/home/node/workspace/server.js:8689:9)
    at process.processTicksAndRejections (node:internal/process/task_queues:103:5)
Emitted 'error' event on Server instance at:
    at emitErrorNT (node:net:1976:8)
    at process.processTicksAndRejections (node:internal/process/task_queues:89:21) {
  code: 'EADDRINUSE',
  errno: -98,
  syscall: 'listen',
  address: '::',
  port: 3000
}

Node.js v22.22.2
